#
# There is insufficient memory for the Java Runtime Environment to continue.
# Native memory allocation (malloc) failed to allocate 282896 bytes for Chunk::new
# Possible reasons:
#   The system is out of physical RAM or swap space
#   The process is running with CompressedOops enabled, and the Java Heap may be blocking the growth of the native heap
# Possible solutions:
#   Reduce memory load on the system
#   Increase physical memory or swap space
#   Check if swap backing store is full
#   Decrease Java heap size (-Xmx/-Xms)
#   Decrease number of Java threads
#   Decrease Java thread stack sizes (-Xss)
#   Set larger code cache with -XX:ReservedCodeCacheSize=
#   JVM is running with Unscaled Compressed Oops mode in which the Java heap is
#     placed in the first 4GB address space. The Java Heap base address is the
#     maximum limit for the native heap growth. Please use -XX:HeapBaseMinAddress
#     to set the Java Heap base and to place the Java Heap above 4GB virtual address.
# This output file may be truncated or incomplete.
#
#  Out of Memory Error (allocation.cpp:389), pid=15996, tid=0x0000000000004dcc
#
# JRE version: OpenJDK Runtime Environment (8.0_202-b03) (build 1.8.0_202-release-1483-b03)
# Java VM: OpenJDK 64-Bit Server VM (25.202-b03 mixed mode windows-amd64 compressed oops)
# Failed to write core dump. Minidumps are not enabled by default on client versions of Windows
#

---------------  T H R E A D  ---------------

Current thread (0x0000000014ef9800):  JavaThread "C2 CompilerThread0" daemon [_thread_in_native, id=19916, stack(0x0000000016550000,0x0000000016650000)]

Stack: [0x0000000016550000,0x0000000016650000]
[error occurred during error reporting (printing stack bounds), id 0xc0000005]

Native frames: (J=compiled Java code, j=interpreted, Vv=VM code, C=native code)


Current CompileTask:
C2:   4216 1273   !   4       java.lang.ClassLoader::loadClass (122 bytes)


---------------  P R O C E S S  ---------------

Java Threads: ( => current thread )
  0x0000000017fb9000 JavaThread "Stdin handler" [_thread_blocked, id=14776, stack(0x000000001a5b0000,0x000000001a6b0000)]
  0x0000000017fb8000 JavaThread "Asynchronous log dispatcher for DefaultDaemonConnection: socket connection from /127.0.0.1:54481 to /127.0.0.1:54482" [_thread_blocked, id=12644, stack(0x000000001a4b0000,0x000000001a5b0000)]
  0x0000000017cec800 JavaThread "Daemon worker" [_thread_in_vm, id=5888, stack(0x000000001a3b0000,0x000000001a4b0000)]
  0x000000001832b000 JavaThread "pool-1-thread-1" [_thread_blocked, id=25632, stack(0x000000001a2b0000,0x000000001a3b0000)]
  0x0000000018331000 JavaThread "Cancel handler" [_thread_blocked, id=18160, stack(0x000000001a1b0000,0x000000001a2b0000)]
  0x0000000017ed4000 JavaThread "Handler for socket connection from /127.0.0.1:54481 to /127.0.0.1:54482" [_thread_in_native, id=35424, stack(0x000000001a0b0000,0x000000001a1b0000)]
  0x00000000181e6000 JavaThread "Daemon" [_thread_blocked, id=19984, stack(0x0000000019fb0000,0x000000001a0b0000)]
  0x00000000180d8000 JavaThread "Incoming local TCP Connector on port 54481" [_thread_in_native, id=32380, stack(0x00000000195f0000,0x00000000196f0000)]
  0x0000000014f4c000 JavaThread "Service Thread" daemon [_thread_blocked, id=12104, stack(0x0000000016c50000,0x0000000016d50000)]
  0x0000000014f48000 JavaThread "C1 CompilerThread2" daemon [_thread_blocked, id=35104, stack(0x0000000016750000,0x0000000016850000)]
  0x0000000014f33000 JavaThread "C2 CompilerThread1" daemon [_thread_blocked, id=31664, stack(0x0000000016650000,0x0000000016750000)]
=>0x0000000014ef9800 JavaThread "C2 CompilerThread0" daemon [_thread_in_native, id=19916, stack(0x0000000016550000,0x0000000016650000)]
  0x0000000014ef5000 JavaThread "Attach Listener" daemon [_thread_blocked, id=22084, stack(0x0000000016450000,0x0000000016550000)]
  0x0000000014ef3800 JavaThread "Signal Dispatcher" daemon [_thread_blocked, id=6432, stack(0x0000000016350000,0x0000000016450000)]
  0x000000000281b800 JavaThread "Finalizer" daemon [_thread_blocked, id=9732, stack(0x0000000016150000,0x0000000016250000)]
  0x0000000014ed9000 JavaThread "Reference Handler" daemon [_thread_blocked, id=21840, stack(0x0000000016050000,0x0000000016150000)]
  0x0000000002722800 JavaThread "main" [_thread_blocked, id=32956, stack(0x0000000002620000,0x0000000002720000)]

Other Threads:
  0x0000000014eb6000 VMThread [stack: 0x0000000015f50000,0x0000000016050000] [id=30444]
  0x0000000014f4d000 WatcherThread [stack: 0x0000000016d50000,0x0000000016e50000] [id=20800]

VM state:not at safepoint (normal execution)

VM Mutex/Monitor currently owned by a thread: None

heap address: 0x00000000c0000000, size: 1024 MB, Compressed Oops mode: 32-bit
Narrow klass base: 0x0000000000000000, Narrow klass shift: 3
Compressed class space size: 1073741824 Address: 0x0000000100000000

Heap:
 PSYoungGen      total 38400K, used 14545K [0x00000000eab00000, 0x00000000ed580000, 0x0000000100000000)
  eden space 33280K, 28% used [0x00000000eab00000,0x00000000eb435240,0x00000000ecb80000)
  from space 5120K, 99% used [0x00000000ed080000,0x00000000ed57f3a8,0x00000000ed580000)
  to   space 5120K, 0% used [0x00000000ecb80000,0x00000000ecb80000,0x00000000ed080000)
 ParOldGen       total 87552K, used 846K [0x00000000c0000000, 0x00000000c5580000, 0x00000000eab00000)
  object space 87552K, 0% used [0x00000000c0000000,0x00000000c00d3a90,0x00000000c5580000)
 Metaspace       used 13705K, capacity 14018K, committed 14336K, reserved 1060864K
  class space    used 1850K, capacity 1974K, committed 2048K, reserved 1048576K

Card table byte_map: [0x0000000011be0000,0x0000000011df0000] byte_map_base: 0x00000000115e0000

Marking Bits: (ParMarkBitMap*) 0x0000000075eb9f30
 Begin Bits: [0x0000000012350000, 0x0000000013350000)
 End Bits:   [0x0000000013350000, 0x0000000014350000)

Polling page: 0x0000000002500000

CodeCache: size=245760Kb used=4485Kb max_used=4497Kb free=241274Kb
 bounds [0x0000000002820000, 0x0000000002c90000, 0x0000000011820000]
 total_blobs=1668 nmethods=1286 adapters=295
 compilation: enabled

Compilation events (10 events):
Event: 4.201 Thread 0x0000000014f48000 nmethod 1283 0x0000000002c7f890 code [0x0000000002c7fac0, 0x0000000002c80828]
Event: 4.201 Thread 0x0000000014f48000 1284       3       java.lang.reflect.Executable::getGenericParameterTypes (20 bytes)
Event: 4.201 Thread 0x0000000014f48000 nmethod 1284 0x0000000002c7f190 code [0x0000000002c7f320, 0x0000000002c7f798]
Event: 4.201 Thread 0x0000000014f48000 1285       3       java.lang.reflect.Method::hasGenericInformation (13 bytes)
Event: 4.201 Thread 0x0000000014f48000 nmethod 1285 0x0000000002c7ee10 code [0x0000000002c7ef60, 0x0000000002c7f130]
Event: 4.201 Thread 0x0000000014f48000 1286       3       java.util.HashSet::<init> (16 bytes)
Event: 4.201 Thread 0x0000000014f48000 nmethod 1286 0x0000000002c81bd0 code [0x0000000002c81d60, 0x0000000002c82170]
Event: 4.205 Thread 0x0000000014f33000 nmethod 1287 0x0000000002c85310 code [0x0000000002c85480, 0x0000000002c85848]
Event: 4.205 Thread 0x0000000014f33000 1288       4       org.gradle.internal.service.DefaultServiceRegistry$ClassSpec::isSatisfiedBy (9 bytes)
Event: 4.210 Thread 0x0000000014f33000 nmethod 1288 0x0000000002c85c90 code [0x0000000002c85e00, 0x0000000002c860d8]

GC Heap History (4 events):
Event: 1.614 GC heap before
{Heap before GC invocations=1 (full 0):
 PSYoungGen      total 38400K, used 33280K [0x00000000eab00000, 0x00000000ed580000, 0x0000000100000000)
  eden space 33280K, 100% used [0x00000000eab00000,0x00000000ecb80000,0x00000000ecb80000)
  from space 5120K, 0% used [0x00000000ed080000,0x00000000ed080000,0x00000000ed580000)
  to   space 5120K, 0% used [0x00000000ecb80000,0x00000000ecb80000,0x00000000ed080000)
 ParOldGen       total 87552K, used 0K [0x00000000c0000000, 0x00000000c5580000, 0x00000000eab00000)
  object space 87552K, 0% used [0x00000000c0000000,0x00000000c0000000,0x00000000c5580000)
 Metaspace       used 6964K, capacity 7092K, committed 7296K, reserved 1056768K
  class space    used 848K, capacity 892K, committed 896K, reserved 1048576K
Event: 1.625 GC heap after
Heap after GC invocations=1 (full 0):
 PSYoungGen      total 38400K, used 4352K [0x00000000eab00000, 0x00000000ed580000, 0x0000000100000000)
  eden space 33280K, 0% used [0x00000000eab00000,0x00000000eab00000,0x00000000ecb80000)
  from space 5120K, 85% used [0x00000000ecb80000,0x00000000ecfc01b8,0x00000000ed080000)
  to   space 5120K, 0% used [0x00000000ed080000,0x00000000ed080000,0x00000000ed580000)
 ParOldGen       total 87552K, used 8K [0x00000000c0000000, 0x00000000c5580000, 0x00000000eab00000)
  object space 87552K, 0% used [0x00000000c0000000,0x00000000c0002000,0x00000000c5580000)
 Metaspace       used 6964K, capacity 7092K, committed 7296K, reserved 1056768K
  class space    used 848K, capacity 892K, committed 896K, reserved 1048576K
}
Event: 4.044 GC heap before
{Heap before GC invocations=2 (full 0):
 PSYoungGen      total 38400K, used 37632K [0x00000000eab00000, 0x00000000ed580000, 0x0000000100000000)
  eden space 33280K, 100% used [0x00000000eab00000,0x00000000ecb80000,0x00000000ecb80000)
  from space 5120K, 85% used [0x00000000ecb80000,0x00000000ecfc01b8,0x00000000ed080000)
  to   space 5120K, 0% used [0x00000000ed080000,0x00000000ed080000,0x00000000ed580000)
 ParOldGen       total 87552K, used 8K [0x00000000c0000000, 0x00000000c5580000, 0x00000000eab00000)
  object space 87552K, 0% used [0x00000000c0000000,0x00000000c0002000,0x00000000c5580000)
 Metaspace       used 13190K, capacity 13538K, committed 13696K, reserved 1060864K
  class space    used 1751K, capacity 1878K, committed 1920K, reserved 1048576K
Event: 4.060 GC heap after
Heap after GC invocations=2 (full 0):
 PSYoungGen      total 38400K, used 5116K [0x00000000eab00000, 0x00000000ed580000, 0x0000000100000000)
  eden space 33280K, 0% used [0x00000000eab00000,0x00000000eab00000,0x00000000ecb80000)
  from space 5120K, 99% used [0x00000000ed080000,0x00000000ed57f3a8,0x00000000ed580000)
  to   space 5120K, 0% used [0x00000000ecb80000,0x00000000ecb80000,0x00000000ed080000)
 ParOldGen       total 87552K, used 846K [0x00000000c0000000, 0x00000000c5580000, 0x00000000eab00000)
  object space 87552K, 0% used [0x00000000c0000000,0x00000000c00d3a90,0x00000000c5580000)
 Metaspace       used 13190K, capacity 13538K, committed 13696K, reserved 1060864K
  class space    used 1751K, capacity 1878K, committed 1920K, reserved 1048576K
}

Deoptimization events (10 events):
Event: 2.501 Thread 0x0000000002722800 Uncommon trap: reason=unstable_if action=reinterpret pc=0x0000000002b209d0 method=java.io.WinNTFileSystem.normalize(Ljava/lang/String;II)Ljava/lang/String; @ 90
Event: 2.533 Thread 0x0000000002722800 Uncommon trap: reason=unstable_if action=reinterpret pc=0x0000000002aac054 method=java.lang.String.substring(I)Ljava/lang/String; @ 35
Event: 2.637 Thread 0x0000000002722800 Uncommon trap: reason=unstable_if action=reinterpret pc=0x0000000002ab95bc method=java.util.HashMap.getNode(ILjava/lang/Object;)Ljava/util/HashMap$Node; @ 129
Event: 2.637 Thread 0x0000000002722800 Uncommon trap: reason=bimorphic action=maybe_recompile pc=0x0000000002ab3bd8 method=java.util.HashMap.putVal(ILjava/lang/Object;Ljava/lang/Object;ZZ)Ljava/lang/Object; @ 203
Event: 2.638 Thread 0x0000000002722800 Uncommon trap: reason=bimorphic action=maybe_recompile pc=0x0000000002aa8e40 method=java.util.HashMap.putVal(ILjava/lang/Object;Ljava/lang/Object;ZZ)Ljava/lang/Object; @ 203
Event: 3.778 Thread 0x0000000002722800 Uncommon trap: reason=unstable_if action=reinterpret pc=0x0000000002a6a50c method=java.lang.String$CaseInsensitiveComparator.compare(Ljava/lang/String;Ljava/lang/String;)I @ 26
Event: 3.800 Thread 0x0000000002722800 Uncommon trap: reason=unstable_if action=reinterpret pc=0x0000000002ab85b0 method=java.util.LinkedHashMap.afterNodeInsertion(Z)V @ 1
Event: 3.920 Thread 0x0000000017cec800 Uncommon trap: reason=bimorphic action=maybe_recompile pc=0x0000000002b645e0 method=java.util.HashMap.putVal(ILjava/lang/Object;Ljava/lang/Object;ZZ)Ljava/lang/Object; @ 253
Event: 3.920 Thread 0x0000000017cec800 Uncommon trap: reason=bimorphic action=maybe_recompile pc=0x0000000002b645e0 method=java.util.HashMap.putVal(ILjava/lang/Object;Ljava/lang/Object;ZZ)Ljava/lang/Object; @ 253
Event: 3.920 Thread 0x0000000017cec800 Uncommon trap: reason=bimorphic action=maybe_recompile pc=0x0000000002b62914 method=java.util.HashMap.putVal(ILjava/lang/Object;Ljava/lang/Object;ZZ)Ljava/lang/Object; @ 253

Classes redefined (0 events):
No events

Internal exceptions (10 events):
Event: 3.843 Thread 0x0000000017ed4000 Exception <a 'java/lang/NoSuchMethodError': <clinit>> (0x00000000ec498bb0) thrown at [D:\src\AOSP-openjdk-cygwin\jdk8u\hotspot\src\share\vm\prims\jni.cpp, line 1614]
Event: 3.843 Thread 0x0000000002722800 Exception <a 'java/lang/ArrayIndexOutOfBoundsException'> (0x00000000ec3fe028) thrown at [D:\src\AOSP-openjdk-cygwin\jdk8u\hotspot\src\share\vm\runtime\sharedRuntime.cpp, line 605]
Event: 3.873 Thread 0x0000000017ed4000 Exception <a 'java/lang/NoSuchMethodError': <clinit>> (0x00000000ec51c910) thrown at [D:\src\AOSP-openjdk-cygwin\jdk8u\hotspot\src\share\vm\prims\jni.cpp, line 1614]
Event: 3.878 Thread 0x0000000017ed4000 Exception <a 'java/lang/NoSuchMethodError': <clinit>> (0x00000000ec52dab0) thrown at [D:\src\AOSP-openjdk-cygwin\jdk8u\hotspot\src\share\vm\prims\jni.cpp, line 1614]
Event: 3.884 Thread 0x0000000017ed4000 Exception <a 'java/lang/NoSuchMethodError': <clinit>> (0x00000000ec5504f8) thrown at [D:\src\AOSP-openjdk-cygwin\jdk8u\hotspot\src\share\vm\prims\jni.cpp, line 1614]
Event: 3.905 Thread 0x0000000017cec800 Exception <a 'java/lang/NoSuchMethodError': <clinit>> (0x00000000ec667d18) thrown at [D:\src\AOSP-openjdk-cygwin\jdk8u\hotspot\src\share\vm\prims\jni.cpp, line 1614]
Event: 3.907 Thread 0x0000000017cec800 Exception <a 'java/lang/NoSuchMethodError': <clinit>> (0x00000000ec670008) thrown at [D:\src\AOSP-openjdk-cygwin\jdk8u\hotspot\src\share\vm\prims\jni.cpp, line 1614]
Event: 3.969 Thread 0x0000000017cec800 Exception <a 'java/lang/ArrayIndexOutOfBoundsException'> (0x00000000ec8bf210) thrown at [D:\src\AOSP-openjdk-cygwin\jdk8u\hotspot\src\share\vm\runtime\sharedRuntime.cpp, line 605]
Event: 3.996 Thread 0x0000000017cec800 Exception <a 'java/lang/ArrayIndexOutOfBoundsException'> (0x00000000ec995248) thrown at [D:\src\AOSP-openjdk-cygwin\jdk8u\hotspot\src\share\vm\runtime\sharedRuntime.cpp, line 605]
Event: 3.996 Thread 0x0000000017cec800 Exception <a 'java/lang/ArrayIndexOutOfBoundsException'> (0x00000000ec996640) thrown at [D:\src\AOSP-openjdk-cygwin\jdk8u\hotspot\src\share\vm\runtime\sharedRuntime.cpp, line 605]

Events (10 events):
Event: 4.200 loading class org/gradle/api/internal/AsmBackedClassGenerator
Event: 4.200 loading class org/gradle/api/internal/AsmBackedClassGenerator done
Event: 4.202 loading class org/gradle/api/internal/AbstractClassGenerator
Event: 4.202 loading class org/gradle/api/internal/AbstractClassGenerator done
Event: 4.204 loading class org/gradle/api/internal/AbstractClassGenerator$ClassBuilder
Event: 4.204 loading class org/gradle/api/internal/AbstractClassGenerator$ClassBuilder done
Event: 4.205 loading class org/gradle/api/internal/ClassGeneratorBackedInstantiator
Event: 4.205 loading class org/gradle/api/internal/ClassGeneratorBackedInstantiator done
Event: 4.213 loading class com/google/common/collect/Interners
Event: 4.213 loading class com/google/common/collect/Interners done


Dynamic libraries:
0x00007ff75dae0000 - 0x00007ff75db11000 	C:\Program Files\Android\Android Studio\jre\bin\java.exe
0x00007ffc71ee0000 - 0x00007ffc720cd000 	C:\Windows\SYSTEM32\ntdll.dll
0x00007ffc71bb0000 - 0x00007ffc71c63000 	C:\Windows\System32\KERNEL32.DLL
0x00007ffc6e330000 - 0x00007ffc6e5c5000 	C:\Windows\System32\KERNELBASE.dll
0x00007ffc71910000 - 0x00007ffc719b3000 	C:\Windows\System32\ADVAPI32.dll
0x00007ffc70d60000 - 0x00007ffc70dfe000 	C:\Windows\System32\msvcrt.dll
0x00007ffc70cb0000 - 0x00007ffc70d4e000 	C:\Windows\System32\sechost.dll
0x00007ffc71c70000 - 0x00007ffc71d92000 	C:\Windows\System32\RPCRT4.dll
0x00007ffc70ae0000 - 0x00007ffc70c77000 	C:\Windows\System32\USER32.dll
0x00007ffc6dfa0000 - 0x00007ffc6dfc0000 	C:\Windows\System32\win32u.dll
0x00007ffc71da0000 - 0x00007ffc71dc9000 	C:\Windows\System32\GDI32.dll
0x00007ffc6e090000 - 0x00007ffc6e229000 	C:\Windows\System32\gdi32full.dll
0x00007ffc6f060000 - 0x00007ffc6f100000 	C:\Windows\System32\msvcp_win.dll
0x00007ffc6e230000 - 0x00007ffc6e32a000 	C:\Windows\System32\ucrtbase.dll
0x00007ffc672f0000 - 0x00007ffc67569000 	C:\Windows\WinSxS\amd64_microsoft.windows.common-controls_6595b64144ccf1df_6.0.17763.1158_none_de722d88534a897f\COMCTL32.dll
0x00007ffc715e0000 - 0x00007ffc7190c000 	C:\Windows\System32\combase.dll
0x00007ffc6e840000 - 0x00007ffc6e8be000 	C:\Windows\System32\bcryptPrimitives.dll
0x00007ffc70c80000 - 0x00007ffc70cae000 	C:\Windows\System32\IMM32.DLL
0x0000000075530000 - 0x0000000075602000 	C:\Program Files\Android\Android Studio\jre\jre\bin\msvcr100.dll
0x00000000756f0000 - 0x0000000075f36000 	C:\Program Files\Android\Android Studio\jre\jre\bin\server\jvm.dll
0x00007ffc71ea0000 - 0x00007ffc71ea8000 	C:\Windows\System32\PSAPI.DLL
0x00007ffc67e90000 - 0x00007ffc67eb4000 	C:\Windows\SYSTEM32\WINMM.dll
0x00007ffc65b50000 - 0x00007ffc65b5a000 	C:\Windows\SYSTEM32\VERSION.dll
0x00007ffc67bd0000 - 0x00007ffc67bfd000 	C:\Windows\SYSTEM32\winmmbase.dll
0x00007ffc59ae0000 - 0x00007ffc59ae9000 	C:\Windows\SYSTEM32\WSOCK32.dll
0x00007ffc6f010000 - 0x00007ffc6f05a000 	C:\Windows\System32\cfgmgr32.dll
0x0000000002490000 - 0x00000000024fd000 	C:\Windows\System32\ws2_32.DLL
0x00007ffc69ac0000 - 0x00007ffc69acf000 	C:\Program Files\Android\Android Studio\jre\jre\bin\verify.dll
0x00007ffc663e0000 - 0x00007ffc66409000 	C:\Program Files\Android\Android Studio\jre\jre\bin\java.dll
0x00007ffc66330000 - 0x00007ffc66346000 	C:\Program Files\Android\Android Studio\jre\jre\bin\zip.dll
0x00007ffc6f580000 - 0x00007ffc70a74000 	C:\Windows\System32\SHELL32.dll
0x00007ffc71330000 - 0x00007ffc713d8000 	C:\Windows\System32\shcore.dll
0x00007ffc6e8c0000 - 0x00007ffc6f00d000 	C:\Windows\System32\windows.storage.dll
0x00007ffc6ded0000 - 0x00007ffc6def4000 	C:\Windows\System32\profapi.dll
0x00007ffc6df20000 - 0x00007ffc6df7d000 	C:\Windows\System32\powrprof.dll
0x00007ffc71090000 - 0x00007ffc710e2000 	C:\Windows\System32\shlwapi.dll
0x00007ffc6df80000 - 0x00007ffc6df91000 	C:\Windows\System32\kernel.appcore.dll
0x00007ffc6dfc0000 - 0x00007ffc6dfd7000 	C:\Windows\System32\cryptsp.dll
0x00007ffc65c50000 - 0x00007ffc65c6a000 	C:\Program Files\Android\Android Studio\jre\jre\bin\net.dll
0x00007ffc6d6e0000 - 0x00007ffc6d747000 	C:\Windows\system32\mswsock.dll
0x00007ffc5fd90000 - 0x00007ffc5fda1000 	C:\Program Files\Android\Android Studio\jre\jre\bin\nio.dll
0x00007ffc5f0e0000 - 0x00007ffc5f0fe000 	C:\Users\Artem\.gradle\native\23\windows-amd64\native-platform.dll
0x00007ffc6d260000 - 0x00007ffc6d293000 	C:\Windows\system32\rsaenh.dll
0x00007ffc6e810000 - 0x00007ffc6e836000 	C:\Windows\System32\bcrypt.dll
0x00007ffc6de00000 - 0x00007ffc6de28000 	C:\Windows\SYSTEM32\USERENV.dll
0x00007ffc6d8b0000 - 0x00007ffc6d8bc000 	C:\Windows\SYSTEM32\CRYPTBASE.dll
0x00007ffc6d400000 - 0x00007ffc6d43d000 	C:\Windows\SYSTEM32\IPHLPAPI.DLL
0x00007ffc70d50000 - 0x00007ffc70d58000 	C:\Windows\System32\NSI.dll
0x00007ffc66620000 - 0x00007ffc66636000 	C:\Windows\SYSTEM32\dhcpcsvc6.DLL
0x00007ffc664b0000 - 0x00007ffc664cc000 	C:\Windows\SYSTEM32\dhcpcsvc.DLL
0x00007ffc6d440000 - 0x00007ffc6d507000 	C:\Windows\SYSTEM32\DNSAPI.dll
0x00007ffc699c0000 - 0x00007ffc699cd000 	C:\Program Files\Android\Android Studio\jre\jre\bin\management.dll

VM Arguments:
jvm_args: -XX:MaxPermSize=256m -XX:+HeapDumpOnOutOfMemoryError -Xmx1024m -Dfile.encoding=windows-1251 -Duser.country=RU -Duser.language=ru -Duser.variant 
java_command: org.gradle.launcher.daemon.bootstrap.GradleDaemon 3.3
java_class_path (initial): C:\Users\Artem\.gradle\wrapper\dists\gradle-3.3-all\55gk2rcmfc6p2dg9u9ohc3hw9\gradle-3.3\lib\gradle-launcher-3.3.jar
Launcher Type: SUN_STANDARD

Environment Variables:
JAVA_HOME=C:\Program Files\Java\jdk-12.0.1
PATH=C:\Windows\system32;C:\Windows;C:\Windows\System32\Wbem;C:\Windows\System32\WindowsPowerShell\v1.0\;C:\Windows\System32\OpenSSH\;C:\Program Files\Git\cmd;C:\Users\Artem\AppData\Local\Microsoft\WindowsApps;C:\intelFPGA_lite\18.1\modelsim_ase\win32aloem;C:\Program Files\Java\jdk-12.0.1\bin;
USERNAME=Artem
OS=Windows_NT
PROCESSOR_IDENTIFIER=Intel64 Family 6 Model 69 Stepping 1, GenuineIntel



---------------  S Y S T E M  ---------------

OS: Windows 10.0 , 64 bit Build 17763 (10.0.17763.1158)

CPU:total 4 (initial active 4) (2 cores per cpu, 2 threads per core) family 6 model 69 stepping 1, cmov, cx8, fxsr, mmx, sse, sse2, sse3, ssse3, sse4.1, sse4.2, popcnt, avx, avx2, aes, clmul, erms, lzcnt, ht, tsc, tscinvbit, bmi1, bmi2

Memory: 4k page, physical 8291816k(363668k free), swap 22865508k(532k free)

vm_info: OpenJDK 64-Bit Server VM (25.202-b03) for windows-amd64 JRE (1.8.0_202-release-1483-b03), built by "builder" with MS VC++ 10.0 (VS2010)

time: Sat May 09 23:02:59 2020
timezone: RTZ 2 (зима)
elapsed time: 4 seconds (0d 0h 0m 4s)

