#
# There is insufficient memory for the Java Runtime Environment to continue.
# Native memory allocation (malloc) failed to allocate 94016 bytes for Chunk::new
# Possible reasons:
#   The system is out of physical RAM or swap space
#   The process is running with CompressedOops enabled, and the Java Heap may be blocking the growth of the native heap
# Possible solutions:
#   Reduce memory load on the system
#   Increase physical memory or swap space
#   Check if swap backing store is full
#   Decrease Java heap size (-Xmx/-Xms)
#   Decrease number of Java threads
#   Decrease Java thread stack sizes (-Xss)
#   Set larger code cache with -XX:ReservedCodeCacheSize=
#   JVM is running with Unscaled Compressed Oops mode in which the Java heap is
#     placed in the first 4GB address space. The Java Heap base address is the
#     maximum limit for the native heap growth. Please use -XX:HeapBaseMinAddress
#     to set the Java Heap base and to place the Java Heap above 4GB virtual address.
# This output file may be truncated or incomplete.
#
#  Out of Memory Error (allocation.cpp:389), pid=8852, tid=0x0000000000000480
#
# JRE version: OpenJDK Runtime Environment (8.0_202-b03) (build 1.8.0_202-release-1483-b03)
# Java VM: OpenJDK 64-Bit Server VM (25.202-b03 mixed mode windows-amd64 compressed oops)
# Failed to write core dump. Minidumps are not enabled by default on client versions of Windows
#

---------------  T H R E A D  ---------------

Current thread (0x0000000015531000):  JavaThread "C2 CompilerThread1" daemon [_thread_in_native, id=1152, stack(0x0000000016c40000,0x0000000016d40000)]

Stack: [0x0000000016c40000,0x0000000016d40000]
[error occurred during error reporting (printing stack bounds), id 0xc0000005]

Native frames: (J=compiled Java code, j=interpreted, Vv=VM code, C=native code)


Current CompileTask:
C2:  21276 2625       4       com.android.dx.dex.code.OutputFinisher::addConstants (134 bytes)


---------------  P R O C E S S  ---------------

Java Threads: ( => current thread )
  0x0000000016d46000 JavaThread "Service Thread" daemon [_thread_blocked, id=13304, stack(0x0000000017240000,0x0000000017340000)]
  0x0000000016d41000 JavaThread "C1 CompilerThread2" daemon [_thread_blocked, id=5268, stack(0x0000000017140000,0x0000000017240000)]
=>0x0000000015531000 JavaThread "C2 CompilerThread1" daemon [_thread_in_native, id=1152, stack(0x0000000016c40000,0x0000000016d40000)]
  0x00000000154e6800 JavaThread "C2 CompilerThread0" daemon [_thread_in_native, id=18184, stack(0x0000000016b40000,0x0000000016c40000)]
  0x00000000154e4000 JavaThread "Attach Listener" daemon [_thread_blocked, id=10964, stack(0x0000000016a40000,0x0000000016b40000)]
  0x00000000154e2800 JavaThread "Signal Dispatcher" daemon [_thread_blocked, id=18416, stack(0x0000000016940000,0x0000000016a40000)]
  0x0000000002d75000 JavaThread "Finalizer" daemon [_thread_blocked, id=12356, stack(0x0000000016740000,0x0000000016840000)]
  0x00000000154c9000 JavaThread "Reference Handler" daemon [_thread_blocked, id=11856, stack(0x0000000016640000,0x0000000016740000)]
  0x0000000002e0e000 JavaThread "main" [_thread_in_Java, id=19452, stack(0x0000000002af0000,0x0000000002bf0000)]

Other Threads:
  0x00000000154a8800 VMThread [stack: 0x0000000016540000,0x0000000016640000] [id=2692]
  0x0000000016d47000 WatcherThread [stack: 0x0000000017340000,0x0000000017440000] [id=4164]

VM state:not at safepoint (normal execution)

VM Mutex/Monitor currently owned by a thread: None

heap address: 0x00000000c0000000, size: 1024 MB, Compressed Oops mode: 32-bit
Narrow klass base: 0x0000000000000000, Narrow klass shift: 3
Compressed class space size: 1073741824 Address: 0x0000000100000000

Heap:
 PSYoungGen      total 290816K, used 88927K [0x00000000eab00000, 0x00000000fed00000, 0x0000000100000000)
  eden space 262656K, 24% used [0x00000000eab00000,0x00000000ee9d02d8,0x00000000fab80000)
  from space 28160K, 87% used [0x00000000fca80000,0x00000000fe287bb8,0x00000000fe600000)
  to   space 31744K, 0% used [0x00000000fab80000,0x00000000fab80000,0x00000000fca80000)
 ParOldGen       total 87552K, used 44439K [0x00000000c0000000, 0x00000000c5580000, 0x00000000eab00000)
  object space 87552K, 50% used [0x00000000c0000000,0x00000000c2b65d88,0x00000000c5580000)
 Metaspace       used 6710K, capacity 7350K, committed 7552K, reserved 1056768K
  class space    used 610K, capacity 622K, committed 640K, reserved 1048576K

Card table byte_map: [0x00000000121d0000,0x00000000123e0000] byte_map_base: 0x0000000011bd0000

Marking Bits: (ParMarkBitMap*) 0x000000006d8f9f30
 Begin Bits: [0x0000000012940000, 0x0000000013940000)
 End Bits:   [0x0000000013940000, 0x0000000014940000)

Polling page: 0x0000000001310000

CodeCache: size=245760Kb used=10653Kb max_used=10653Kb free=235106Kb
 bounds [0x0000000002e10000, 0x0000000003890000, 0x0000000011e10000]
 total_blobs=2544 nmethods=2270 adapters=187
 compilation: enabled

Compilation events (10 events):
Event: 20.467 Thread 0x0000000015531000 nmethod 2612 0x000000000386fbd0 code [0x000000000386fd20, 0x000000000386ff18]
Event: 20.468 Thread 0x0000000015531000 2625       4       com.android.dx.dex.code.OutputFinisher::addConstants (134 bytes)
Event: 20.943 Thread 0x0000000016d41000 2632 %     3       com.android.dx.dex.code.StdCatchBuilder::hasAnyCatches @ 15 (57 bytes)
Event: 20.944 Thread 0x0000000016d41000 nmethod 2632% 0x0000000003870050 code [0x0000000003870240, 0x0000000003870fb8]
Event: 20.944 Thread 0x0000000016d41000 2633       3       com.android.dx.dex.code.StdCatchBuilder::hasAnyCatches (57 bytes)
Event: 20.944 Thread 0x0000000016d41000 nmethod 2633 0x0000000003874490 code [0x0000000003874680, 0x00000000038753b8]
Event: 21.256 Thread 0x0000000016d41000 2636 %     3       com.android.dx.dex.file.CodeItem::addContents @ 142 (174 bytes)
Event: 21.258 Thread 0x0000000016d41000 nmethod 2636% 0x000000000387d010 code [0x000000000387d320, 0x000000000387ed48]
Event: 21.260 Thread 0x0000000016d41000 2637       3       com.android.dx.dex.file.CodeItem::addContents (174 bytes)
Event: 21.261 Thread 0x0000000016d41000 nmethod 2637 0x000000000387f850 code [0x000000000387fb60, 0x0000000003881508]

GC Heap History (10 events):
Event: 3.686 GC heap before
{Heap before GC invocations=2 (full 0):
 PSYoungGen      total 38400K, used 38370K [0x00000000eab00000, 0x00000000ef600000, 0x0000000100000000)
  eden space 33280K, 100% used [0x00000000eab00000,0x00000000ecb80000,0x00000000ecb80000)
  from space 5120K, 99% used [0x00000000ecb80000,0x00000000ed078b48,0x00000000ed080000)
  to   space 5120K, 0% used [0x00000000ef100000,0x00000000ef100000,0x00000000ef600000)
 ParOldGen       total 87552K, used 183K [0x00000000c0000000, 0x00000000c5580000, 0x00000000eab00000)
  object space 87552K, 0% used [0x00000000c0000000,0x00000000c002de50,0x00000000c5580000)
 Metaspace       used 6178K, capacity 7152K, committed 7296K, reserved 1056768K
  class space    used 583K, capacity 616K, committed 640K, reserved 1048576K
Event: 3.716 GC heap after
Heap after GC invocations=2 (full 0):
 PSYoungGen      total 71680K, used 5107K [0x00000000eab00000, 0x00000000ef600000, 0x0000000100000000)
  eden space 66560K, 0% used [0x00000000eab00000,0x00000000eab00000,0x00000000eec00000)
  from space 5120K, 99% used [0x00000000ef100000,0x00000000ef5fcca0,0x00000000ef600000)
  to   space 5120K, 0% used [0x00000000eec00000,0x00000000eec00000,0x00000000ef100000)
 ParOldGen       total 87552K, used 3897K [0x00000000c0000000, 0x00000000c5580000, 0x00000000eab00000)
  object space 87552K, 4% used [0x00000000c0000000,0x00000000c03ce798,0x00000000c5580000)
 Metaspace       used 6178K, capacity 7152K, committed 7296K, reserved 1056768K
  class space    used 583K, capacity 616K, committed 640K, reserved 1048576K
}
Event: 5.515 GC heap before
{Heap before GC invocations=3 (full 0):
 PSYoungGen      total 71680K, used 71667K [0x00000000eab00000, 0x00000000ef600000, 0x0000000100000000)
  eden space 66560K, 100% used [0x00000000eab00000,0x00000000eec00000,0x00000000eec00000)
  from space 5120K, 99% used [0x00000000ef100000,0x00000000ef5fcca0,0x00000000ef600000)
  to   space 5120K, 0% used [0x00000000eec00000,0x00000000eec00000,0x00000000ef100000)
 ParOldGen       total 87552K, used 3897K [0x00000000c0000000, 0x00000000c5580000, 0x00000000eab00000)
  object space 87552K, 4% used [0x00000000c0000000,0x00000000c03ce798,0x00000000c5580000)
 Metaspace       used 6294K, capacity 7216K, committed 7296K, reserved 1056768K
  class space    used 584K, capacity 616K, committed 640K, reserved 1048576K
Event: 5.625 GC heap after
Heap after GC invocations=3 (full 0):
 PSYoungGen      total 71680K, used 5100K [0x00000000eab00000, 0x00000000f3700000, 0x0000000100000000)
  eden space 66560K, 0% used [0x00000000eab00000,0x00000000eab00000,0x00000000eec00000)
  from space 5120K, 99% used [0x00000000eec00000,0x00000000ef0fb2e0,0x00000000ef100000)
  to   space 5120K, 0% used [0x00000000f3200000,0x00000000f3200000,0x00000000f3700000)
 ParOldGen       total 87552K, used 13427K [0x00000000c0000000, 0x00000000c5580000, 0x00000000eab00000)
  object space 87552K, 15% used [0x00000000c0000000,0x00000000c0d1cc98,0x00000000c5580000)
 Metaspace       used 6294K, capacity 7216K, committed 7296K, reserved 1056768K
  class space    used 584K, capacity 616K, committed 640K, reserved 1048576K
}
Event: 7.004 GC heap before
{Heap before GC invocations=4 (full 0):
 PSYoungGen      total 71680K, used 71660K [0x00000000eab00000, 0x00000000f3700000, 0x0000000100000000)
  eden space 66560K, 100% used [0x00000000eab00000,0x00000000eec00000,0x00000000eec00000)
  from space 5120K, 99% used [0x00000000eec00000,0x00000000ef0fb2e0,0x00000000ef100000)
  to   space 5120K, 0% used [0x00000000f3200000,0x00000000f3200000,0x00000000f3700000)
 ParOldGen       total 87552K, used 13427K [0x00000000c0000000, 0x00000000c5580000, 0x00000000eab00000)
  object space 87552K, 15% used [0x00000000c0000000,0x00000000c0d1cc98,0x00000000c5580000)
 Metaspace       used 6394K, capacity 7280K, committed 7552K, reserved 1056768K
  class space    used 586K, capacity 616K, committed 640K, reserved 1048576K
Event: 7.431 GC heap after
Heap after GC invocations=4 (full 0):
 PSYoungGen      total 138240K, used 5088K [0x00000000eab00000, 0x00000000f3700000, 0x0000000100000000)
  eden space 133120K, 0% used [0x00000000eab00000,0x00000000eab00000,0x00000000f2d00000)
  from space 5120K, 99% used [0x00000000f3200000,0x00000000f36f8020,0x00000000f3700000)
  to   space 5120K, 0% used [0x00000000f2d00000,0x00000000f2d00000,0x00000000f3200000)
 ParOldGen       total 87552K, used 23803K [0x00000000c0000000, 0x00000000c5580000, 0x00000000eab00000)
  object space 87552K, 27% used [0x00000000c0000000,0x00000000c173ee38,0x00000000c5580000)
 Metaspace       used 6394K, capacity 7280K, committed 7552K, reserved 1056768K
  class space    used 586K, capacity 616K, committed 640K, reserved 1048576K
}
Event: 11.587 GC heap before
{Heap before GC invocations=5 (full 0):
 PSYoungGen      total 138240K, used 138208K [0x00000000eab00000, 0x00000000f3700000, 0x0000000100000000)
  eden space 133120K, 100% used [0x00000000eab00000,0x00000000f2d00000,0x00000000f2d00000)
  from space 5120K, 99% used [0x00000000f3200000,0x00000000f36f8020,0x00000000f3700000)
  to   space 5120K, 0% used [0x00000000f2d00000,0x00000000f2d00000,0x00000000f3200000)
 ParOldGen       total 87552K, used 23803K [0x00000000c0000000, 0x00000000c5580000, 0x00000000eab00000)
  object space 87552K, 27% used [0x00000000c0000000,0x00000000c173ee38,0x00000000c5580000)
 Metaspace       used 6576K, capacity 7284K, committed 7552K, reserved 1056768K
  class space    used 606K, capacity 620K, committed 640K, reserved 1048576K
Event: 12.110 GC heap after
Heap after GC invocations=5 (full 0):
 PSYoungGen      total 138240K, used 5088K [0x00000000eab00000, 0x00000000fe600000, 0x0000000100000000)
  eden space 133120K, 0% used [0x00000000eab00000,0x00000000eab00000,0x00000000f2d00000)
  from space 5120K, 99% used [0x00000000f2d00000,0x00000000f31f8020,0x00000000f3200000)
  to   space 28160K, 0% used [0x00000000fca80000,0x00000000fca80000,0x00000000fe600000)
 ParOldGen       total 87552K, used 44439K [0x00000000c0000000, 0x00000000c5580000, 0x00000000eab00000)
  object space 87552K, 50% used [0x00000000c0000000,0x00000000c2b65d88,0x00000000c5580000)
 Metaspace       used 6576K, capacity 7284K, committed 7552K, reserved 1056768K
  class space    used 606K, capacity 620K, committed 640K, reserved 1048576K
}
Event: 16.260 GC heap before
{Heap before GC invocations=6 (full 0):
 PSYoungGen      total 138240K, used 138208K [0x00000000eab00000, 0x00000000fe600000, 0x0000000100000000)
  eden space 133120K, 100% used [0x00000000eab00000,0x00000000f2d00000,0x00000000f2d00000)
  from space 5120K, 99% used [0x00000000f2d00000,0x00000000f31f8020,0x00000000f3200000)
  to   space 28160K, 0% used [0x00000000fca80000,0x00000000fca80000,0x00000000fe600000)
 ParOldGen       total 87552K, used 44439K [0x00000000c0000000, 0x00000000c5580000, 0x00000000eab00000)
  object space 87552K, 50% used [0x00000000c0000000,0x00000000c2b65d88,0x00000000c5580000)
 Metaspace       used 6602K, capacity 7284K, committed 7552K, reserved 1056768K
  class space    used 606K, capacity 620K, committed 640K, reserved 1048576K
Event: 17.105 GC heap after
Heap after GC invocations=6 (full 0):
 PSYoungGen      total 290816K, used 24606K [0x00000000eab00000, 0x00000000fed00000, 0x0000000100000000)
  eden space 262656K, 0% used [0x00000000eab00000,0x00000000eab00000,0x00000000fab80000)
  from space 28160K, 87% used [0x00000000fca80000,0x00000000fe287bb8,0x00000000fe600000)
  to   space 31744K, 0% used [0x00000000fab80000,0x00000000fab80000,0x00000000fca80000)
 ParOldGen       total 87552K, used 44439K [0x00000000c0000000, 0x00000000c5580000, 0x00000000eab00000)
  object space 87552K, 50% used [0x00000000c0000000,0x00000000c2b65d88,0x00000000c5580000)
 Metaspace       used 6602K, capacity 7284K, committed 7552K, reserved 1056768K
  class space    used 606K, capacity 620K, committed 640K, reserved 1048576K
}

Deoptimization events (10 events):
Event: 14.830 Thread 0x0000000017011800 Uncommon trap: reason=bimorphic action=maybe_recompile pc=0x00000000034b2184 method=java.util.HashMap.getNode(ILjava/lang/Object;)Ljava/util/HashMap$Node; @ 126
Event: 14.830 Thread 0x0000000017011800 Uncommon trap: reason=bimorphic action=maybe_recompile pc=0x00000000034b2184 method=java.util.HashMap.getNode(ILjava/lang/Object;)Ljava/util/HashMap$Node; @ 126
Event: 14.831 Thread 0x0000000017011800 Uncommon trap: reason=bimorphic action=maybe_recompile pc=0x00000000034990c4 method=java.util.HashMap.getNode(ILjava/lang/Object;)Ljava/util/HashMap$Node; @ 126
Event: 14.897 Thread 0x0000000017023800 Uncommon trap: reason=class_check action=maybe_recompile pc=0x000000000354f8ec method=java.util.concurrent.ConcurrentHashMap.get(Ljava/lang/Object;)Ljava/lang/Object; @ 93
Event: 19.410 Thread 0x0000000017023800 Uncommon trap: reason=unstable_if action=reinterpret pc=0x000000000368323c method=java.util.concurrent.ConcurrentHashMap.transfer([Ljava/util/concurrent/ConcurrentHashMap$Node;[Ljava/util/concurrent/ConcurrentHashMap$Node;)V @ 356
Event: 20.096 Thread 0x0000000002e0e000 Uncommon trap: reason=class_check action=maybe_recompile pc=0x0000000003398c48 method=java.util.Arrays.hashCode([Ljava/lang/Object;)I @ 43
Event: 20.096 Thread 0x0000000002e0e000 Uncommon trap: reason=class_check action=maybe_recompile pc=0x0000000003398c48 method=java.util.Arrays.hashCode([Ljava/lang/Object;)I @ 43
Event: 20.096 Thread 0x0000000002e0e000 Uncommon trap: reason=class_check action=maybe_recompile pc=0x0000000003398c48 method=java.util.Arrays.hashCode([Ljava/lang/Object;)I @ 43
Event: 20.096 Thread 0x0000000002e0e000 Uncommon trap: reason=class_check action=maybe_recompile pc=0x0000000003398c48 method=java.util.Arrays.hashCode([Ljava/lang/Object;)I @ 43
Event: 20.096 Thread 0x0000000002e0e000 Uncommon trap: reason=class_check action=maybe_recompile pc=0x000000000338a034 method=java.util.Arrays.hashCode([Ljava/lang/Object;)I @ 43

Classes redefined (0 events):
No events

Internal exceptions (7 events):
Event: 0.120 Thread 0x0000000002e0e000 Exception <a 'java/lang/NoSuchMethodError': Method sun.misc.Unsafe.defineClass(Ljava/lang/String;[BII)Ljava/lang/Class; name or signature does not match> (0x00000000eab07cb0) thrown at [D:\src\AOSP-openjdk-cygwin\jdk8u\hotspot\src\share\vm\prims\jni.cpp, 
Event: 0.120 Thread 0x0000000002e0e000 Exception <a 'java/lang/NoSuchMethodError': Method sun.misc.Unsafe.prefetchRead(Ljava/lang/Object;J)V name or signature does not match> (0x00000000eab07f98) thrown at [D:\src\AOSP-openjdk-cygwin\jdk8u\hotspot\src\share\vm\prims\jni.cpp, line 4012]
Event: 2.580 Thread 0x0000000016f9f000 Implicit null exception at 0x0000000003130a62 to 0x0000000003130b69
Event: 8.556 Thread 0x0000000016f9f000 Implicit null exception at 0x000000000340bb85 to 0x000000000340cf0d
Event: 10.047 Thread 0x0000000016f9f000 Exception <a 'java/lang/ArrayIndexOutOfBoundsException': 18> (0x00000000f02f3528) thrown at [D:\src\AOSP-openjdk-cygwin\jdk8u\hotspot\src\share\vm\interpreter\interpreterRuntime.cpp, line 368]
Event: 10.048 Thread 0x0000000016f9f000 Exception <a 'java/lang/ArrayIndexOutOfBoundsException': 145> (0x00000000f02f50a8) thrown at [D:\src\AOSP-openjdk-cygwin\jdk8u\hotspot\src\share\vm\interpreter\interpreterRuntime.cpp, line 368]
Event: 10.050 Thread 0x0000000016f9f000 Exception <a 'java/lang/ArrayIndexOutOfBoundsException'> (0x00000000f02f6390) thrown at [D:\src\AOSP-openjdk-cygwin\jdk8u\hotspot\src\share\vm\runtime\sharedRuntime.cpp, line 605]

Events (10 events):
Event: 20.145 Thread 0x0000000002e0e000 DEOPT PACKING pc=0x0000000003846912 sp=0x0000000002beee00
Event: 20.145 Thread 0x0000000002e0e000 DEOPT UNPACKING pc=0x0000000002e575d0 sp=0x0000000002beeb20 mode 0
Event: 20.329 loading class com/android/dx/dex/file/CatchStructs
Event: 20.329 loading class com/android/dx/dex/file/CatchStructs done
Event: 20.345 Thread 0x0000000002e0e000 DEOPT PACKING pc=0x000000000386b297 sp=0x0000000002beef90
Event: 20.345 Thread 0x0000000002e0e000 DEOPT UNPACKING pc=0x0000000002e575d0 sp=0x0000000002beed10 mode 0
Event: 20.944 Thread 0x0000000002e0e000 DEOPT PACKING pc=0x000000000386bcc4 sp=0x0000000002beefb0
Event: 20.944 Thread 0x0000000002e0e000 DEOPT UNPACKING pc=0x0000000002e575d0 sp=0x0000000002beed00 mode 0
Event: 21.261 Thread 0x0000000002e0e000 DEOPT PACKING pc=0x000000000386c958 sp=0x0000000002bef040
Event: 21.261 Thread 0x0000000002e0e000 DEOPT UNPACKING pc=0x0000000002e575d0 sp=0x0000000002beedc0 mode 0


Dynamic libraries:
0x00007ff78f280000 - 0x00007ff78f2b1000 	C:\Program Files\Android\Android Studio\jre\bin\java.exe
0x00007ffbfc120000 - 0x00007ffbfc30d000 	C:\Windows\SYSTEM32\ntdll.dll
0x00007ffbf9570000 - 0x00007ffbf9623000 	C:\Windows\System32\KERNEL32.DLL
0x00007ffbf8fb0000 - 0x00007ffbf9243000 	C:\Windows\System32\KERNELBASE.dll
0x00007ffbfc040000 - 0x00007ffbfc0e3000 	C:\Windows\System32\ADVAPI32.dll
0x00007ffbfa010000 - 0x00007ffbfa0ae000 	C:\Windows\System32\msvcrt.dll
0x00007ffbf94b0000 - 0x00007ffbf954e000 	C:\Windows\System32\sechost.dll
0x00007ffbf9380000 - 0x00007ffbf94a2000 	C:\Windows\System32\RPCRT4.dll
0x00007ffbf9e70000 - 0x00007ffbfa007000 	C:\Windows\System32\USER32.dll
0x00007ffbf8e70000 - 0x00007ffbf8e90000 	C:\Windows\System32\win32u.dll
0x00007ffbf9350000 - 0x00007ffbf9379000 	C:\Windows\System32\GDI32.dll
0x00007ffbf8c70000 - 0x00007ffbf8e09000 	C:\Windows\System32\gdi32full.dll
0x00007ffbf8e90000 - 0x00007ffbf8f30000 	C:\Windows\System32\msvcp_win.dll
0x00007ffbf9250000 - 0x00007ffbf934a000 	C:\Windows\System32\ucrtbase.dll
0x00007ffbf1600000 - 0x00007ffbf1879000 	C:\Windows\WinSxS\amd64_microsoft.windows.common-controls_6595b64144ccf1df_6.0.17763.678_none_05b74150071d72bf\COMCTL32.dll
0x00007ffbfb7b0000 - 0x00007ffbfbadc000 	C:\Windows\System32\combase.dll
0x00007ffbf8f30000 - 0x00007ffbf8fae000 	C:\Windows\System32\bcryptPrimitives.dll
0x00007ffbfbd00000 - 0x00007ffbfbd2e000 	C:\Windows\System32\IMM32.DLL
0x000000006d050000 - 0x000000006d122000 	C:\Program Files\Android\Android Studio\jre\jre\bin\msvcr100.dll
0x000000006d130000 - 0x000000006d976000 	C:\Program Files\Android\Android Studio\jre\jre\bin\server\jvm.dll
0x00007ffbf9d30000 - 0x00007ffbf9d38000 	C:\Windows\System32\PSAPI.DLL
0x00007ffbe2060000 - 0x00007ffbe2069000 	C:\Windows\SYSTEM32\WSOCK32.dll
0x00007ffbfb6e0000 - 0x00007ffbfb74d000 	C:\Windows\System32\WS2_32.dll
0x00007ffbf1dc0000 - 0x00007ffbf1de4000 	C:\Windows\SYSTEM32\WINMM.dll
0x00007ffbefc80000 - 0x00007ffbefc8a000 	C:\Windows\SYSTEM32\VERSION.dll
0x00007ffbf1d90000 - 0x00007ffbf1dbd000 	C:\Windows\SYSTEM32\WINMMBASE.dll
0x00007ffbf84b0000 - 0x00007ffbf84fa000 	C:\Windows\System32\cfgmgr32.dll
0x00007ffbf43b0000 - 0x00007ffbf43bf000 	C:\Program Files\Android\Android Studio\jre\jre\bin\verify.dll
0x00007ffbdecb0000 - 0x00007ffbdecd9000 	C:\Program Files\Android\Android Studio\jre\jre\bin\java.dll
0x00007ffbe1f70000 - 0x00007ffbe1f86000 	C:\Program Files\Android\Android Studio\jre\jre\bin\zip.dll
0x00007ffbfa0c0000 - 0x00007ffbfb5b0000 	C:\Windows\System32\SHELL32.dll
0x00007ffbfbc40000 - 0x00007ffbfbce8000 	C:\Windows\System32\shcore.dll
0x00007ffbf8520000 - 0x00007ffbf8c6a000 	C:\Windows\System32\windows.storage.dll
0x00007ffbf8140000 - 0x00007ffbf8164000 	C:\Windows\System32\profapi.dll
0x00007ffbf8190000 - 0x00007ffbf81ed000 	C:\Windows\System32\powrprof.dll
0x00007ffbf9e10000 - 0x00007ffbf9e62000 	C:\Windows\System32\shlwapi.dll
0x00007ffbf8120000 - 0x00007ffbf8131000 	C:\Windows\System32\kernel.appcore.dll
0x00007ffbf8500000 - 0x00007ffbf8517000 	C:\Windows\System32\cryptsp.dll

VM Arguments:
jvm_args: -Djava.awt.headless=true -Xmx1024M -Dfile.encoding=windows-1251 -Duser.country=RU -Duser.language=ru -Duser.variant 
java_command: com.android.dx.command.Main --dex --num-threads=4 --output C:\Users\Artem\Desktop\Android projects\ToTop\app\build\intermediates\pre-dexed\debug\classes_20b7fea56f5f886e942d0a0cad2763274e6b7a7b.jar C:\Users\Artem\.android\build-cache\e9daa3e4e950bf1fd320afffe1e95761dd48ed9c\output\jars\classes.jar
java_class_path (initial): C:\Users\Artem\AppData\Local\Android\Sdk\build-tools\29.0.3\lib\dx.jar
Launcher Type: SUN_STANDARD

Environment Variables:
JAVA_HOME=C:\Program Files\Java\jdk-12.0.1
PATH=C:\Windows\system32;C:\Windows;C:\Windows\System32\Wbem;C:\Windows\System32\WindowsPowerShell\v1.0\;C:\Windows\System32\OpenSSH\;C:\Users\Artem\AppData\Local\Microsoft\WindowsApps;C:\intelFPGA_lite\18.1\modelsim_ase\win32aloem;C:\Program Files\Java\jdk-12.0.1\bin;
USERNAME=Artem
OS=Windows_NT
PROCESSOR_IDENTIFIER=Intel64 Family 6 Model 69 Stepping 1, GenuineIntel



---------------  S Y S T E M  ---------------

OS: Windows 10.0 , 64 bit Build 17763 (10.0.17763.475)

CPU:total 4 (initial active 4) (2 cores per cpu, 2 threads per core) family 6 model 69 stepping 1, cmov, cx8, fxsr, mmx, sse, sse2, sse3, ssse3, sse4.1, sse4.2, popcnt, avx, avx2, aes, clmul, erms, lzcnt, ht, tsc, tscinvbit, bmi1, bmi2

Memory: 4k page, physical 8291816k(334928k free), swap 22865508k(4416k free)

vm_info: OpenJDK 64-Bit Server VM (25.202-b03) for windows-amd64 JRE (1.8.0_202-release-1483-b03), built by "builder" with MS VC++ 10.0 (VS2010)

time: Thu Feb 06 17:14:48 2020
timezone: RTZ 2 (зима)
elapsed time: 21 seconds (0d 0h 0m 21s)

